<?xml version="1.0" encoding="utf-8"?>
<!DOCTYPE coverage SYSTEM "http://cobertura.sourceforge.net/xml/coverage-04.dtd">
<coverage line-rate="0.28864569083447333" branch-rate="0.25884460367218987" lines-covered="1899" lines-valid="6579" branches-covered="578" branches-valid="2233" complexity="1888" version="0" timestamp="1636925648">
  <sources />
  <packages>
    <package name="CourseApplication" line-rate="0.29555895865237364" branch-rate="0.6145833333333334" complexity="252">
      <classes>
        <class name="CourseApplication.Analyzer.WebAnalyzer" filename="C:\Users\88696\source\repos\WindowsProgramming\WindowsProgramming\Analyzer\WebAnalyzer.cs" line-rate="1" branch-rate="1" complexity="NaN">
          <methods>
            <method name="Analyze" signature="(HtmlAgilityPack.HtmlNodeCollection)" line-rate="1" branch-rate="1" complexity="NaN">
              <lines>
                <line number="23" hits="68" branch="false" />
                <line number="24" hits="68" branch="false" />
                <line number="26" hits="2720" branch="false" />
                <line number="27" hits="1258" branch="false" />
                <line number="28" hits="1258" branch="false" />
                <line number="30" hits="1258" branch="false" />
                <line number="32" hits="1258" branch="false" />
                <line number="33" hits="1258" branch="false" />
                <line number="34" hits="68" branch="false" />
                <line number="35" hits="68" branch="false" />
              </lines>
            </method>
            <method name="BuildCourseByNode" signature="(HtmlAgilityPack.HtmlNodeCollection)" line-rate="1" branch-rate="1" complexity="NaN">
              <lines>
                <line number="43" hits="1258" branch="false" />
                <line number="44" hits="1258" branch="false" />
                <line number="45" hits="1258" branch="false" />
                <line number="46" hits="1258" branch="false" />
              </lines>
            </method>
          </methods>
          <lines>
            <line number="23" hits="68" branch="false" />
            <line number="24" hits="68" branch="false" />
            <line number="26" hits="2720" branch="false" />
            <line number="27" hits="1258" branch="false" />
            <line number="28" hits="1258" branch="false" />
            <line number="30" hits="1258" branch="false" />
            <line number="32" hits="1258" branch="false" />
            <line number="33" hits="1258" branch="false" />
            <line number="34" hits="68" branch="false" />
            <line number="35" hits="68" branch="false" />
            <line number="43" hits="1258" branch="false" />
            <line number="44" hits="1258" branch="false" />
            <line number="45" hits="1258" branch="false" />
            <line number="46" hits="1258" branch="false" />
          </lines>
        </class>
        <class name="CourseApplication.Builder.CourseBuilder" filename="C:\Users\88696\source\repos\WindowsProgramming\WindowsProgramming\Builder\CourseBuilder.cs" line-rate="0.3669724770642202" branch-rate="1" complexity="2">
          <methods>
            <method name=".ctor" signature="()" line-rate="1" branch-rate="1" complexity="1">
              <lines>
                <line number="17" hits="1258" branch="false" />
                <line number="18" hits="1258" branch="false" />
                <line number="19" hits="1258" branch="false" />
                <line number="20" hits="1258" branch="false" />
              </lines>
            </method>
            <method name="SetId" signature="(System.String)" line-rate="0" branch-rate="1" complexity="NaN">
              <lines>
                <line number="28" hits="0" branch="false" />
                <line number="29" hits="0" branch="false" />
                <line number="30" hits="0" branch="false" />
                <line number="31" hits="0" branch="false" />
              </lines>
            </method>
            <method name="SetName" signature="(System.String)" line-rate="0" branch-rate="1" complexity="NaN">
              <lines>
                <line number="39" hits="0" branch="false" />
                <line number="40" hits="0" branch="false" />
                <line number="41" hits="0" branch="false" />
                <line number="42" hits="0" branch="false" />
              </lines>
            </method>
            <method name="SetStage" signature="(System.String)" line-rate="0" branch-rate="1" complexity="NaN">
              <lines>
                <line number="50" hits="0" branch="false" />
                <line number="51" hits="0" branch="false" />
                <line number="52" hits="0" branch="false" />
                <line number="53" hits="0" branch="false" />
              </lines>
            </method>
            <method name="SetCredit" signature="(System.String)" line-rate="0" branch-rate="1" complexity="NaN">
              <lines>
                <line number="61" hits="0" branch="false" />
                <line number="62" hits="0" branch="false" />
                <line number="63" hits="0" branch="false" />
                <line number="64" hits="0" branch="false" />
              </lines>
            </method>
            <method name="SetHour" signature="(System.String)" line-rate="0" branch-rate="1" complexity="NaN">
              <lines>
                <line number="72" hits="0" branch="false" />
                <line number="73" hits="0" branch="false" />
                <line number="74" hits="0" branch="false" />
                <line number="75" hits="0" branch="false" />
              </lines>
            </method>
            <method name="SetCreditAndHour" signature="(System.String,System.String)" line-rate="0" branch-rate="1" complexity="NaN">
              <lines>
                <line number="84" hits="0" branch="false" />
                <line number="85" hits="0" branch="false" />
                <line number="86" hits="0" branch="false" />
                <line number="87" hits="0" branch="false" />
                <line number="88" hits="0" branch="false" />
              </lines>
            </method>
            <method name="SetNecessity" signature="(System.String)" line-rate="0" branch-rate="1" complexity="NaN">
              <lines>
                <line number="96" hits="0" branch="false" />
                <line number="97" hits="0" branch="false" />
                <line number="98" hits="0" branch="false" />
                <line number="99" hits="0" branch="false" />
              </lines>
            </method>
            <method name="SetTeacher" signature="(System.String)" line-rate="0" branch-rate="1" complexity="NaN">
              <lines>
                <line number="107" hits="0" branch="false" />
                <line number="108" hits="0" branch="false" />
                <line number="109" hits="0" branch="false" />
                <line number="110" hits="0" branch="false" />
              </lines>
            </method>
            <method name="SetRoom" signature="(System.String)" line-rate="0" branch-rate="1" complexity="NaN">
              <lines>
                <line number="118" hits="0" branch="false" />
                <line number="119" hits="0" branch="false" />
                <line number="120" hits="0" branch="false" />
                <line number="121" hits="0" branch="false" />
              </lines>
            </method>
            <method name="SetNumberOfStudents" signature="(System.String,System.String)" line-rate="0" branch-rate="1" complexity="NaN">
              <lines>
                <line number="130" hits="0" branch="false" />
                <line number="131" hits="0" branch="false" />
                <line number="132" hits="0" branch="false" />
                <line number="133" hits="0" branch="false" />
                <line number="134" hits="0" branch="false" />
              </lines>
            </method>
            <method name="SetTeachingAssistant" signature="(System.String)" line-rate="0" branch-rate="1" complexity="NaN">
              <lines>
                <line number="142" hits="0" branch="false" />
                <line number="143" hits="0" branch="false" />
                <line number="144" hits="0" branch="false" />
                <line number="145" hits="0" branch="false" />
              </lines>
            </method>
            <method name="SetLanguage" signature="(System.String)" line-rate="0" branch-rate="1" complexity="NaN">
              <lines>
                <line number="153" hits="0" branch="false" />
                <line number="154" hits="0" branch="false" />
                <line number="155" hits="0" branch="false" />
                <line number="156" hits="0" branch="false" />
              </lines>
            </method>
            <method name="SetSyllabus" signature="(System.String)" line-rate="0" branch-rate="1" complexity="NaN">
              <lines>
                <line number="164" hits="0" branch="false" />
                <line number="165" hits="0" branch="false" />
                <line number="166" hits="0" branch="false" />
                <line number="167" hits="0" branch="false" />
              </lines>
            </method>
            <method name="SetNote" signature="(System.String)" line-rate="0" branch-rate="1" complexity="NaN">
              <lines>
                <line number="175" hits="0" branch="false" />
                <line number="176" hits="0" branch="false" />
                <line number="177" hits="0" branch="false" />
                <line number="178" hits="0" branch="false" />
              </lines>
            </method>
            <method name="SetAudit" signature="(System.String)" line-rate="0" branch-rate="1" complexity="NaN">
              <lines>
                <line number="186" hits="0" branch="false" />
                <line number="187" hits="0" branch="false" />
                <line number="188" hits="0" branch="false" />
                <line number="189" hits="0" branch="false" />
              </lines>
            </method>
            <method name="SetExperiment" signature="(System.String)" line-rate="0" branch-rate="1" complexity="NaN">
              <lines>
                <line number="197" hits="0" branch="false" />
                <line number="198" hits="0" branch="false" />
                <line number="199" hits="0" branch="false" />
                <line number="200" hits="0" branch="false" />
              </lines>
            </method>
            <method name="SetTime" signature="(HtmlAgilityPack.HtmlNodeCollection,CourseApplication.Model.Course)" line-rate="1" branch-rate="1" complexity="NaN">
              <lines>
                <line number="208" hits="1258" branch="false" />
                <line number="209" hits="1258" branch="false" />
                <line number="210" hits="1258" branch="false" />
                <line number="211" hits="1258" branch="false" />
                <line number="212" hits="1258" branch="false" />
                <line number="213" hits="1258" branch="false" />
                <line number="214" hits="1258" branch="false" />
                <line number="215" hits="1258" branch="false" />
                <line number="216" hits="1258" branch="false" />
                <line number="217" hits="1258" branch="false" />
              </lines>
            </method>
            <method name="SetByNode" signature="(HtmlAgilityPack.HtmlNodeCollection)" line-rate="1" branch-rate="1" complexity="NaN">
              <lines>
                <line number="225" hits="1258" branch="false" />
                <line number="226" hits="1258" branch="false" />
                <line number="227" hits="1258" branch="false" />
                <line number="228" hits="1258" branch="false" />
                <line number="229" hits="1258" branch="false" />
                <line number="230" hits="1258" branch="false" />
                <line number="231" hits="1258" branch="false" />
                <line number="232" hits="1258" branch="false" />
                <line number="233" hits="1258" branch="false" />
                <line number="234" hits="1258" branch="false" />
                <line number="235" hits="1258" branch="false" />
                <line number="236" hits="1258" branch="false" />
                <line number="237" hits="1258" branch="false" />
                <line number="238" hits="1258" branch="false" />
                <line number="239" hits="1258" branch="false" />
              </lines>
            </method>
            <method name="GetCourse" signature="()" line-rate="0" branch-rate="1" complexity="1">
              <lines>
                <line number="246" hits="0" branch="false" />
                <line number="247" hits="0" branch="false" />
                <line number="248" hits="0" branch="false" />
              </lines>
            </method>
            <method name="GetDataFromTable" signature="(HtmlAgilityPack.HtmlNodeCollection,System.Int32)" line-rate="1" branch-rate="1" complexity="NaN">
              <lines>
                <line number="256" hits="20128" branch="false" />
                <line number="257" hits="20128" branch="false" />
                <line number="258" hits="20128" branch="false" />
              </lines>
            </method>
            <method name="SetRequirements" signature="(HtmlAgilityPack.HtmlNodeCollection)" line-rate="1" branch-rate="1" complexity="NaN">
              <lines>
                <line number="265" hits="1258" branch="false" />
                <line number="266" hits="1258" branch="false" />
                <line number="267" hits="1258" branch="false" />
                <line number="268" hits="1258" branch="false" />
                <line number="269" hits="1258" branch="false" />
                <line number="270" hits="1258" branch="false" />
                <line number="271" hits="1258" branch="false" />
                <line number="272" hits="1258" branch="false" />
              </lines>
            </method>
          </methods>
          <lines>
            <line number="17" hits="1258" branch="false" />
            <line number="18" hits="1258" branch="false" />
            <line number="19" hits="1258" branch="false" />
            <line number="20" hits="1258" branch="false" />
            <line number="28" hits="0" branch="false" />
            <line number="29" hits="0" branch="false" />
            <line number="30" hits="0" branch="false" />
            <line number="31" hits="0" branch="false" />
            <line number="39" hits="0" branch="false" />
            <line number="40" hits="0" branch="false" />
            <line number="41" hits="0" branch="false" />
            <line number="42" hits="0" branch="false" />
            <line number="50" hits="0" branch="false" />
            <line number="51" hits="0" branch="false" />
            <line number="52" hits="0" branch="false" />
            <line number="53" hits="0" branch="false" />
            <line number="61" hits="0" branch="false" />
            <line number="62" hits="0" branch="false" />
            <line number="63" hits="0" branch="false" />
            <line number="64" hits="0" branch="false" />
            <line number="72" hits="0" branch="false" />
            <line number="73" hits="0" branch="false" />
            <line number="74" hits="0" branch="false" />
            <line number="75" hits="0" branch="false" />
            <line number="84" hits="0" branch="false" />
            <line number="85" hits="0" branch="false" />
            <line number="86" hits="0" branch="false" />
            <line number="87" hits="0" branch="false" />
            <line number="88" hits="0" branch="false" />
            <line number="96" hits="0" branch="false" />
            <line number="97" hits="0" branch="false" />
            <line number="98" hits="0" branch="false" />
            <line number="99" hits="0" branch="false" />
            <line number="107" hits="0" branch="false" />
            <line number="108" hits="0" branch="false" />
            <line number="109" hits="0" branch="false" />
            <line number="110" hits="0" branch="false" />
            <line number="118" hits="0" branch="false" />
            <line number="119" hits="0" branch="false" />
            <line number="120" hits="0" branch="false" />
            <line number="121" hits="0" branch="false" />
            <line number="130" hits="0" branch="false" />
            <line number="131" hits="0" branch="false" />
            <line number="132" hits="0" branch="false" />
            <line number="133" hits="0" branch="false" />
            <line number="134" hits="0" branch="false" />
            <line number="142" hits="0" branch="false" />
            <line number="143" hits="0" branch="false" />
            <line number="144" hits="0" branch="false" />
            <line number="145" hits="0" branch="false" />
            <line number="153" hits="0" branch="false" />
            <line number="154" hits="0" branch="false" />
            <line number="155" hits="0" branch="false" />
            <line number="156" hits="0" branch="false" />
            <line number="164" hits="0" branch="false" />
            <line number="165" hits="0" branch="false" />
            <line number="166" hits="0" branch="false" />
            <line number="167" hits="0" branch="false" />
            <line number="175" hits="0" branch="false" />
            <line number="176" hits="0" branch="false" />
            <line number="177" hits="0" branch="false" />
            <line number="178" hits="0" branch="false" />
            <line number="186" hits="0" branch="false" />
            <line number="187" hits="0" branch="false" />
            <line number="188" hits="0" branch="false" />
            <line number="189" hits="0" branch="false" />
            <line number="197" hits="0" branch="false" />
            <line number="198" hits="0" branch="false" />
            <line number="199" hits="0" branch="false" />
            <line number="200" hits="0" branch="false" />
            <line number="208" hits="1258" branch="false" />
            <line number="209" hits="1258" branch="false" />
            <line number="210" hits="1258" branch="false" />
            <line number="211" hits="1258" branch="false" />
            <line number="212" hits="1258" branch="false" />
            <line number="213" hits="1258" branch="false" />
            <line number="214" hits="1258" branch="false" />
            <line number="215" hits="1258" branch="false" />
            <line number="216" hits="1258" branch="false" />
            <line number="217" hits="1258" branch="false" />
            <line number="225" hits="1258" branch="false" />
            <line number="226" hits="1258" branch="false" />
            <line number="227" hits="1258" branch="false" />
            <line number="228" hits="1258" branch="false" />
            <line number="229" hits="1258" branch="false" />
            <line number="230" hits="1258" branch="false" />
            <line number="231" hits="1258" branch="false" />
            <line number="232" hits="1258" branch="false" />
            <line number="233" hits="1258" branch="false" />
            <line number="234" hits="1258" branch="false" />
            <line number="235" hits="1258" branch="false" />
            <line number="236" hits="1258" branch="false" />
            <line number="237" hits="1258" branch="false" />
            <line number="238" hits="1258" branch="false" />
            <line number="239" hits="1258" branch="false" />
            <line number="246" hits="0" branch="false" />
            <line number="247" hits="0" branch="false" />
            <line number="248" hits="0" branch="false" />
            <line number="256" hits="20128" branch="false" />
            <line number="257" hits="20128" branch="false" />
            <line number="258" hits="20128" branch="false" />
            <line number="265" hits="1258" branch="false" />
            <line number="266" hits="1258" branch="false" />
            <line number="267" hits="1258" branch="false" />
            <line number="268" hits="1258" branch="false" />
            <line number="269" hits="1258" branch="false" />
            <line number="270" hits="1258" branch="false" />
            <line number="271" hits="1258" branch="false" />
            <line number="272" hits="1258" branch="false" />
          </lines>
        </class>
        <class name="CourseApplication.Dto.CourseSelectingDto" filename="C:\Users\88696\source\repos\WindowsProgramming\WindowsProgramming\Dto\CourseSelectingDto.cs" line-rate="1" branch-rate="1" complexity="NaN">
          <methods>
            <method name="IsCourseSelected" signature="()" line-rate="1" branch-rate="1" complexity="NaN">
              <lines>
                <line number="21" hits="495" branch="false" />
              </lines>
            </method>
            <method name="IsCourseSelected" signature="(System.Boolean)" line-rate="1" branch-rate="1" complexity="NaN">
              <lines>
                <line number="21" hits="495" branch="false" />
              </lines>
            </method>
            <method name="Course" signature="()" line-rate="1" branch-rate="1" complexity="NaN">
              <lines>
                <line number="26" hits="3" branch="false" />
              </lines>
            </method>
            <method name=".ctor" signature="(CourseApplication.Model.Course,System.Boolean)" line-rate="1" branch-rate="1" complexity="NaN">
              <lines>
                <line number="13" hits="377" branch="false" />
                <line number="14" hits="377" branch="false" />
                <line number="15" hits="377" branch="false" />
                <line number="16" hits="377" branch="false" />
                <line number="17" hits="377" branch="false" />
              </lines>
            </method>
          </methods>
          <lines>
            <line number="13" hits="377" branch="false" />
            <line number="14" hits="377" branch="false" />
            <line number="15" hits="377" branch="false" />
            <line number="16" hits="377" branch="false" />
            <line number="17" hits="377" branch="false" />
            <line number="21" hits="495" branch="false" />
            <line number="26" hits="3" branch="false" />
          </lines>
        </class>
        <class name="CourseApplication.Dto.CourseTimeDTO" filename="C:\Users\88696\source\repos\WindowsProgramming\WindowsProgramming\Dto\CourseTimeDTO.cs" line-rate="0.8064516129032258" branch-rate="0.5714285714285714" complexity="8">
          <methods>
            <method name="Index" signature="()" line-rate="1" branch-rate="1" complexity="NaN">
              <lines>
                <line number="43" hits="152" branch="false" />
              </lines>
            </method>
            <method name="Index" signature="(System.Int32)" line-rate="1" branch-rate="1" complexity="NaN">
              <lines>
                <line number="43" hits="152" branch="false" />
              </lines>
            </method>
            <method name="Sunday" signature="()" line-rate="1" branch-rate="1" complexity="NaN">
              <lines>
                <line number="48" hits="200" branch="false" />
              </lines>
            </method>
            <method name="Sunday" signature="(System.Boolean)" line-rate="1" branch-rate="1" complexity="NaN">
              <lines>
                <line number="48" hits="200" branch="false" />
              </lines>
            </method>
            <method name="Monday" signature="()" line-rate="1" branch-rate="1" complexity="NaN">
              <lines>
                <line number="53" hits="213" branch="false" />
              </lines>
            </method>
            <method name="Monday" signature="(System.Boolean)" line-rate="1" branch-rate="1" complexity="NaN">
              <lines>
                <line number="53" hits="213" branch="false" />
              </lines>
            </method>
            <method name="Tuesday" signature="()" line-rate="1" branch-rate="1" complexity="NaN">
              <lines>
                <line number="58" hits="202" branch="false" />
              </lines>
            </method>
            <method name="Tuesday" signature="(System.Boolean)" line-rate="1" branch-rate="1" complexity="NaN">
              <lines>
                <line number="58" hits="202" branch="false" />
              </lines>
            </method>
            <method name="Wednesday" signature="()" line-rate="1" branch-rate="1" complexity="NaN">
              <lines>
                <line number="63" hits="200" branch="false" />
              </lines>
            </method>
            <method name="Wednesday" signature="(System.Boolean)" line-rate="1" branch-rate="1" complexity="NaN">
              <lines>
                <line number="63" hits="200" branch="false" />
              </lines>
            </method>
            <method name="Thursday" signature="()" line-rate="1" branch-rate="1" complexity="NaN">
              <lines>
                <line number="68" hits="200" branch="false" />
              </lines>
            </method>
            <method name="Thursday" signature="(System.Boolean)" line-rate="1" branch-rate="1" complexity="NaN">
              <lines>
                <line number="68" hits="200" branch="false" />
              </lines>
            </method>
            <method name="Friday" signature="()" line-rate="1" branch-rate="1" complexity="NaN">
              <lines>
                <line number="73" hits="200" branch="false" />
              </lines>
            </method>
            <method name="Friday" signature="(System.Boolean)" line-rate="1" branch-rate="1" complexity="NaN">
              <lines>
                <line number="73" hits="200" branch="false" />
              </lines>
            </method>
            <method name="Saturday" signature="()" line-rate="1" branch-rate="1" complexity="NaN">
              <lines>
                <line number="78" hits="200" branch="false" />
              </lines>
            </method>
            <method name="Saturday" signature="(System.Boolean)" line-rate="1" branch-rate="1" complexity="NaN">
              <lines>
                <line number="78" hits="200" branch="false" />
              </lines>
            </method>
            <method name="GetHour" signature="()" line-rate="0.6666666666666666" branch-rate="0.5714285714285714" complexity="8">
              <lines>
                <line number="16" hits="32" branch="false" />
                <line number="17" hits="32" branch="false" />
                <line number="18" hits="32" branch="true" condition-coverage="50% (1/2)" />
                <line number="19" hits="0" branch="false" />
                <line number="20" hits="32" branch="true" condition-coverage="100% (2/2)" />
                <line number="21" hits="4" branch="false" />
                <line number="22" hits="32" branch="true" condition-coverage="50% (1/2)" />
                <line number="23" hits="0" branch="false" />
                <line number="24" hits="32" branch="true" condition-coverage="50% (1/2)" />
                <line number="25" hits="0" branch="false" />
                <line number="26" hits="32" branch="true" condition-coverage="50% (1/2)" />
                <line number="27" hits="0" branch="false" />
                <line number="28" hits="32" branch="true" condition-coverage="50% (1/2)" />
                <line number="29" hits="0" branch="false" />
                <line number="30" hits="32" branch="true" condition-coverage="50% (1/2)" />
                <line number="31" hits="0" branch="false" />
                <line number="32" hits="32" branch="false" />
                <line number="33" hits="32" branch="false" />
              </lines>
            </method>
            <method name=".ctor" signature="(System.Int32)" line-rate="1" branch-rate="1" complexity="NaN">
              <lines>
                <line number="35" hits="152" branch="false" />
                <line number="36" hits="152" branch="false" />
                <line number="37" hits="152" branch="false" />
                <line number="38" hits="152" branch="false" />
                <line number="39" hits="152" branch="false" />
              </lines>
            </method>
          </methods>
          <lines>
            <line number="16" hits="32" branch="false" />
            <line number="17" hits="32" branch="false" />
            <line number="18" hits="32" branch="true" condition-coverage="50% (1/2)" />
            <line number="19" hits="0" branch="false" />
            <line number="20" hits="32" branch="true" condition-coverage="100% (2/2)" />
            <line number="21" hits="4" branch="false" />
            <line number="22" hits="32" branch="true" condition-coverage="50% (1/2)" />
            <line number="23" hits="0" branch="false" />
            <line number="24" hits="32" branch="true" condition-coverage="50% (1/2)" />
            <line number="25" hits="0" branch="false" />
            <line number="26" hits="32" branch="true" condition-coverage="50% (1/2)" />
            <line number="27" hits="0" branch="false" />
            <line number="28" hits="32" branch="true" condition-coverage="50% (1/2)" />
            <line number="29" hits="0" branch="false" />
            <line number="30" hits="32" branch="true" condition-coverage="50% (1/2)" />
            <line number="31" hits="0" branch="false" />
            <line number="32" hits="32" branch="false" />
            <line number="33" hits="32" branch="false" />
            <line number="35" hits="152" branch="false" />
            <line number="36" hits="152" branch="false" />
            <line number="37" hits="152" branch="false" />
            <line number="38" hits="152" branch="false" />
            <line number="39" hits="152" branch="false" />
            <line number="43" hits="152" branch="false" />
            <line number="48" hits="200" branch="false" />
            <line number="53" hits="213" branch="false" />
            <line number="58" hits="202" branch="false" />
            <line number="63" hits="200" branch="false" />
            <line number="68" hits="200" branch="false" />
            <line number="73" hits="200" branch="false" />
            <line number="78" hits="200" branch="false" />
          </lines>
        </class>
        <class name="CourseApplication.Model.Class" filename="C:\Users\88696\source\repos\WindowsProgramming\WindowsProgramming\Model\Class.cs" line-rate="1" branch-rate="1" complexity="1">
          <methods>
            <method name="ClassName" signature="()" line-rate="1" branch-rate="1" complexity="NaN">
              <lines>
                <line number="13" hits="134" branch="false" />
              </lines>
            </method>
            <method name="ClassName" signature="(System.String)" line-rate="1" branch-rate="1" complexity="NaN">
              <lines>
                <line number="13" hits="134" branch="false" />
              </lines>
            </method>
            <method name="Courses" signature="()" line-rate="1" branch-rate="1" complexity="NaN">
              <lines>
                <line number="18" hits="227" branch="false" />
              </lines>
            </method>
            <method name="Courses" signature="(System.Collections.Generic.List`1&lt;CourseApplication.Model.Course&gt;)" line-rate="1" branch-rate="1" complexity="NaN">
              <lines>
                <line number="18" hits="227" branch="false" />
              </lines>
            </method>
            <method name=".ctor" signature="()" line-rate="1" branch-rate="1" complexity="1">
              <lines>
                <line number="21" hits="71" branch="false" />
                <line number="22" hits="71" branch="false" />
                <line number="23" hits="71" branch="false" />
                <line number="24" hits="71" branch="false" />
              </lines>
            </method>
            <method name=".ctor" signature="(System.String)" line-rate="1" branch-rate="1" complexity="NaN">
              <lines>
                <line number="25" hits="10" branch="false" />
                <line number="26" hits="10" branch="false" />
                <line number="27" hits="10" branch="false" />
                <line number="28" hits="10" branch="false" />
                <line number="29" hits="10" branch="false" />
              </lines>
            </method>
            <method name=".ctor" signature="(System.String,System.Collections.Generic.List`1&lt;CourseApplication.Model.Course&gt;)" line-rate="1" branch-rate="1" complexity="NaN">
              <lines>
                <line number="30" hits="9" branch="false" />
                <line number="31" hits="9" branch="false" />
                <line number="32" hits="9" branch="false" />
                <line number="33" hits="9" branch="false" />
                <line number="34" hits="9" branch="false" />
              </lines>
            </method>
            <method name="AddCourse" signature="(CourseApplication.Model.Course)" line-rate="1" branch-rate="1" complexity="NaN">
              <lines>
                <line number="40" hits="16" branch="false" />
                <line number="41" hits="16" branch="false" />
                <line number="42" hits="16" branch="false" />
              </lines>
            </method>
            <method name="RemoveCourse" signature="(CourseApplication.Model.Course)" line-rate="1" branch-rate="1" complexity="NaN">
              <lines>
                <line number="49" hits="8" branch="false" />
                <line number="50" hits="8" branch="false" />
                <line number="51" hits="8" branch="false" />
              </lines>
            </method>
          </methods>
          <lines>
            <line number="13" hits="134" branch="false" />
            <line number="18" hits="227" branch="false" />
            <line number="21" hits="71" branch="false" />
            <line number="22" hits="71" branch="false" />
            <line number="23" hits="71" branch="false" />
            <line number="24" hits="71" branch="false" />
            <line number="25" hits="10" branch="false" />
            <line number="26" hits="10" branch="false" />
            <line number="27" hits="10" branch="false" />
            <line number="28" hits="10" branch="false" />
            <line number="29" hits="10" branch="false" />
            <line number="30" hits="9" branch="false" />
            <line number="31" hits="9" branch="false" />
            <line number="32" hits="9" branch="false" />
            <line number="33" hits="9" branch="false" />
            <line number="34" hits="9" branch="false" />
            <line number="40" hits="16" branch="false" />
            <line number="41" hits="16" branch="false" />
            <line number="42" hits="16" branch="false" />
            <line number="49" hits="8" branch="false" />
            <line number="50" hits="8" branch="false" />
            <line number="51" hits="8" branch="false" />
          </lines>
        </class>
        <class name="CourseApplication.Model.Course" filename="C:\Users\88696\source\repos\WindowsProgramming\WindowsProgramming\Model\Course.cs" line-rate="1" branch-rate="1" complexity="2">
          <methods>
            <method name="CourseId" signature="()" line-rate="1" branch-rate="1" complexity="NaN">
              <lines>
                <line number="14" hits="2687" branch="false" />
              </lines>
            </method>
            <method name="CourseId" signature="(System.String)" line-rate="1" branch-rate="1" complexity="NaN">
              <lines>
                <line number="14" hits="2687" branch="false" />
              </lines>
            </method>
            <method name="CourseName" signature="()" line-rate="1" branch-rate="1" complexity="NaN">
              <lines>
                <line number="18" hits="697" branch="false" />
              </lines>
            </method>
            <method name="CourseName" signature="(System.String)" line-rate="1" branch-rate="1" complexity="NaN">
              <lines>
                <line number="19" hits="2651" branch="false" />
              </lines>
            </method>
            <method name="Stage" signature="()" line-rate="1" branch-rate="1" complexity="NaN">
              <lines>
                <line number="23" hits="2611" branch="false" />
              </lines>
            </method>
            <method name="Stage" signature="(System.String)" line-rate="1" branch-rate="1" complexity="NaN">
              <lines>
                <line number="23" hits="2611" branch="false" />
              </lines>
            </method>
            <method name="Credit" signature="()" line-rate="1" branch-rate="1" complexity="NaN">
              <lines>
                <line number="27" hits="2611" branch="false" />
              </lines>
            </method>
            <method name="Credit" signature="(System.String)" line-rate="1" branch-rate="1" complexity="NaN">
              <lines>
                <line number="27" hits="2611" branch="false" />
              </lines>
            </method>
            <method name="Hour" signature="()" line-rate="1" branch-rate="1" complexity="NaN">
              <lines>
                <line number="31" hits="2621" branch="false" />
              </lines>
            </method>
            <method name="Hour" signature="(System.String)" line-rate="1" branch-rate="1" complexity="NaN">
              <lines>
                <line number="31" hits="2621" branch="false" />
              </lines>
            </method>
            <method name="Necessity" signature="()" line-rate="1" branch-rate="1" complexity="NaN">
              <lines>
                <line number="35" hits="2611" branch="false" />
              </lines>
            </method>
            <method name="Necessity" signature="(System.String)" line-rate="1" branch-rate="1" complexity="NaN">
              <lines>
                <line number="35" hits="2611" branch="false" />
              </lines>
            </method>
            <method name="Teacher" signature="()" line-rate="1" branch-rate="1" complexity="NaN">
              <lines>
                <line number="39" hits="2611" branch="false" />
              </lines>
            </method>
            <method name="Teacher" signature="(System.String)" line-rate="1" branch-rate="1" complexity="NaN">
              <lines>
                <line number="39" hits="2611" branch="false" />
              </lines>
            </method>
            <method name="Sunday" signature="()" line-rate="1" branch-rate="1" complexity="NaN">
              <lines>
                <line number="43" hits="2622" branch="false" />
              </lines>
            </method>
            <method name="Sunday" signature="(System.String)" line-rate="1" branch-rate="1" complexity="NaN">
              <lines>
                <line number="43" hits="2622" branch="false" />
              </lines>
            </method>
            <method name="Monday" signature="()" line-rate="1" branch-rate="1" complexity="NaN">
              <lines>
                <line number="47" hits="2640" branch="false" />
              </lines>
            </method>
            <method name="Monday" signature="(System.String)" line-rate="1" branch-rate="1" complexity="NaN">
              <lines>
                <line number="47" hits="2640" branch="false" />
              </lines>
            </method>
            <method name="Tuesday" signature="()" line-rate="1" branch-rate="1" complexity="NaN">
              <lines>
                <line number="51" hits="2620" branch="false" />
              </lines>
            </method>
            <method name="Tuesday" signature="(System.String)" line-rate="1" branch-rate="1" complexity="NaN">
              <lines>
                <line number="51" hits="2620" branch="false" />
              </lines>
            </method>
            <method name="Wednesday" signature="()" line-rate="1" branch-rate="1" complexity="NaN">
              <lines>
                <line number="55" hits="2620" branch="false" />
              </lines>
            </method>
            <method name="Wednesday" signature="(System.String)" line-rate="1" branch-rate="1" complexity="NaN">
              <lines>
                <line number="55" hits="2620" branch="false" />
              </lines>
            </method>
            <method name="Thursday" signature="()" line-rate="1" branch-rate="1" complexity="NaN">
              <lines>
                <line number="59" hits="2618" branch="false" />
              </lines>
            </method>
            <method name="Thursday" signature="(System.String)" line-rate="1" branch-rate="1" complexity="NaN">
              <lines>
                <line number="59" hits="2618" branch="false" />
              </lines>
            </method>
            <method name="Friday" signature="()" line-rate="1" branch-rate="1" complexity="NaN">
              <lines>
                <line number="63" hits="2620" branch="false" />
              </lines>
            </method>
            <method name="Friday" signature="(System.String)" line-rate="1" branch-rate="1" complexity="NaN">
              <lines>
                <line number="63" hits="2620" branch="false" />
              </lines>
            </method>
            <method name="Saturday" signature="()" line-rate="1" branch-rate="1" complexity="NaN">
              <lines>
                <line number="67" hits="2620" branch="false" />
              </lines>
            </method>
            <method name="Saturday" signature="(System.String)" line-rate="1" branch-rate="1" complexity="NaN">
              <lines>
                <line number="67" hits="2620" branch="false" />
              </lines>
            </method>
            <method name="Classroom" signature="()" line-rate="1" branch-rate="1" complexity="NaN">
              <lines>
                <line number="71" hits="2605" branch="false" />
              </lines>
            </method>
            <method name="Classroom" signature="(System.String)" line-rate="1" branch-rate="1" complexity="NaN">
              <lines>
                <line number="71" hits="2605" branch="false" />
              </lines>
            </method>
            <method name="NumberOfStudents" signature="()" line-rate="1" branch-rate="1" complexity="NaN">
              <lines>
                <line number="75" hits="2605" branch="false" />
              </lines>
            </method>
            <method name="NumberOfStudents" signature="(System.String)" line-rate="1" branch-rate="1" complexity="NaN">
              <lines>
                <line number="75" hits="2605" branch="false" />
              </lines>
            </method>
            <method name="NumberOfDropStudents" signature="()" line-rate="1" branch-rate="1" complexity="NaN">
              <lines>
                <line number="79" hits="2605" branch="false" />
              </lines>
            </method>
            <method name="NumberOfDropStudents" signature="(System.String)" line-rate="1" branch-rate="1" complexity="NaN">
              <lines>
                <line number="79" hits="2605" branch="false" />
              </lines>
            </method>
            <method name="TeachingAssistant" signature="()" line-rate="1" branch-rate="1" complexity="NaN">
              <lines>
                <line number="83" hits="2607" branch="false" />
              </lines>
            </method>
            <method name="TeachingAssistant" signature="(System.String)" line-rate="1" branch-rate="1" complexity="NaN">
              <lines>
                <line number="83" hits="2607" branch="false" />
              </lines>
            </method>
            <method name="Language" signature="()" line-rate="1" branch-rate="1" complexity="NaN">
              <lines>
                <line number="87" hits="2607" branch="false" />
              </lines>
            </method>
            <method name="Language" signature="(System.String)" line-rate="1" branch-rate="1" complexity="NaN">
              <lines>
                <line number="87" hits="2607" branch="false" />
              </lines>
            </method>
            <method name="Syllabus" signature="()" line-rate="1" branch-rate="1" complexity="NaN">
              <lines>
                <line number="91" hits="2605" branch="false" />
              </lines>
            </method>
            <method name="Syllabus" signature="(System.String)" line-rate="1" branch-rate="1" complexity="NaN">
              <lines>
                <line number="91" hits="2605" branch="false" />
              </lines>
            </method>
            <method name="Note" signature="()" line-rate="1" branch-rate="1" complexity="NaN">
              <lines>
                <line number="95" hits="2607" branch="false" />
              </lines>
            </method>
            <method name="Note" signature="(System.String)" line-rate="1" branch-rate="1" complexity="NaN">
              <lines>
                <line number="95" hits="2607" branch="false" />
              </lines>
            </method>
            <method name="Audit" signature="()" line-rate="1" branch-rate="1" complexity="NaN">
              <lines>
                <line number="99" hits="2605" branch="false" />
              </lines>
            </method>
            <method name="Audit" signature="(System.String)" line-rate="1" branch-rate="1" complexity="NaN">
              <lines>
                <line number="99" hits="2605" branch="false" />
              </lines>
            </method>
            <method name="Experiment" signature="()" line-rate="1" branch-rate="1" complexity="NaN">
              <lines>
                <line number="103" hits="2605" branch="false" />
              </lines>
            </method>
            <method name="Experiment" signature="(System.String)" line-rate="1" branch-rate="1" complexity="NaN">
              <lines>
                <line number="103" hits="2605" branch="false" />
              </lines>
            </method>
            <method name=".ctor" signature="()" line-rate="1" branch-rate="1" complexity="1">
              <lines>
                <line number="105" hits="1344" branch="false" />
                <line number="106" hits="1344" branch="false" />
                <line number="107" hits="1344" branch="false" />
                <line number="108" hits="1344" branch="false" />
                <line number="109" hits="1344" branch="false" />
                <line number="110" hits="1344" branch="false" />
              </lines>
            </method>
            <method name="GetClone" signature="()" line-rate="1" branch-rate="1" complexity="1">
              <lines>
                <line number="117" hits="2" branch="false" />
                <line number="118" hits="2" branch="false" />
                <line number="119" hits="2" branch="false" />
              </lines>
            </method>
          </methods>
          <lines>
            <line number="14" hits="2687" branch="false" />
            <line number="18" hits="697" branch="false" />
            <line number="19" hits="2651" branch="false" />
            <line number="23" hits="2611" branch="false" />
            <line number="27" hits="2611" branch="false" />
            <line number="31" hits="2621" branch="false" />
            <line number="35" hits="2611" branch="false" />
            <line number="39" hits="2611" branch="false" />
            <line number="43" hits="2622" branch="false" />
            <line number="47" hits="2640" branch="false" />
            <line number="51" hits="2620" branch="false" />
            <line number="55" hits="2620" branch="false" />
            <line number="59" hits="2618" branch="false" />
            <line number="63" hits="2620" branch="false" />
            <line number="67" hits="2620" branch="false" />
            <line number="71" hits="2605" branch="false" />
            <line number="75" hits="2605" branch="false" />
            <line number="79" hits="2605" branch="false" />
            <line number="83" hits="2607" branch="false" />
            <line number="87" hits="2607" branch="false" />
            <line number="91" hits="2605" branch="false" />
            <line number="95" hits="2607" branch="false" />
            <line number="99" hits="2605" branch="false" />
            <line number="103" hits="2605" branch="false" />
            <line number="105" hits="1344" branch="false" />
            <line number="106" hits="1344" branch="false" />
            <line number="107" hits="1344" branch="false" />
            <line number="108" hits="1344" branch="false" />
            <line number="109" hits="1344" branch="false" />
            <line number="110" hits="1344" branch="false" />
            <line number="117" hits="2" branch="false" />
            <line number="118" hits="2" branch="false" />
            <line number="119" hits="2" branch="false" />
          </lines>
        </class>
        <class name="CourseApplication.Model.CourseApplicationModel" filename="C:\Users\88696\source\repos\WindowsProgramming\WindowsProgramming\Model\CourseApplicationModel.cs" line-rate="1" branch-rate="0.9090909090909091" complexity="5">
          <methods>
            <method name="_curriculum" signature="()" line-rate="1" branch-rate="1" complexity="NaN">
              <lines>
                <line number="22" hits="1316" branch="false" />
              </lines>
            </method>
            <method name="_curriculum" signature="(CourseApplication.Model.Curriculum)" line-rate="1" branch-rate="1" complexity="NaN">
              <lines>
                <line number="22" hits="1316" branch="false" />
              </lines>
            </method>
            <method name="_chosenCourses" signature="()" line-rate="1" branch-rate="1" complexity="NaN">
              <lines>
                <line number="27" hits="47" branch="false" />
              </lines>
            </method>
            <method name=".ctor" signature="()" line-rate="1" branch-rate="1" complexity="1">
              <lines>
                <line number="33" hits="34" branch="false" />
                <line number="34" hits="34" branch="false" />
                <line number="35" hits="34" branch="false" />
                <line number="36" hits="34" branch="false" />
                <line number="37" hits="34" branch="false" />
                <line number="38" hits="34" branch="false" />
                <line number="39" hits="34" branch="false" />
                <line number="40" hits="34" branch="false" />
                <line number="41" hits="34" branch="false" />
                <line number="42" hits="34" branch="false" />
              </lines>
            </method>
            <method name="FetchCourseDatas" signature="(System.String,System.String)" line-rate="1" branch-rate="1" complexity="NaN">
              <lines>
                <line number="50" hits="68" branch="false" />
                <line number="51" hits="68" branch="false" />
                <line number="52" hits="68" branch="false" />
                <line number="53" hits="68" branch="false" />
                <line number="54" hits="68" branch="false" />
                <line number="55" hits="68" branch="false" />
                <line number="56" hits="2720" branch="false" />
                <line number="57" hits="1258" branch="false" />
                <line number="58" hits="1258" branch="false" />
                <line number="59" hits="1258" branch="false" />
                <line number="60" hits="68" branch="false" />
              </lines>
            </method>
            <method name="GetDepartmentByName" signature="(System.String)" line-rate="1" branch-rate="1" complexity="NaN">
              <lines>
                <line number="68" hits="24" branch="false" />
                <line number="69" hits="121" branch="false" />
                <line number="70" hits="36" branch="false" />
                <line number="71" hits="36" branch="true" condition-coverage="100% (2/2)" />
                <line number="72" hits="23" branch="false" />
                <line number="73" hits="23" branch="false" />
                <line number="75" hits="13" branch="false" />
                <line number="76" hits="1" branch="false" />
                <line number="77" hits="24" branch="false" />
              </lines>
            </method>
            <method name="AddCourseChosen" signature="(System.Collections.Generic.List`1&lt;CourseApplication.Model.Course&gt;)" line-rate="1" branch-rate="1" complexity="NaN">
              <lines>
                <line number="85" hits="3" branch="false" />
                <line number="86" hits="3" branch="false" />
                <line number="87" hits="16" branch="true" condition-coverage="100% (2/2)" />
                <line number="88" hits="5" branch="false" />
                <line number="89" hits="24" branch="true" condition-coverage="100% (2/2)" />
                <line number="90" hits="7" branch="false" />
                <line number="91" hits="7" branch="true" condition-coverage="100% (2/2)" />
                <line number="92" hits="2" branch="false" />
                <line number="93" hits="7" branch="false" />
                <line number="94" hits="23" branch="false" />
                <line number="95" hits="4" branch="false" />
                <line number="96" hits="4" branch="false" />
                <line number="97" hits="4" branch="false" />
                <line number="98" hits="5" branch="false" />
                <line number="99" hits="3" branch="true" condition-coverage="100% (2/2)" />
                <line number="100" hits="12" branch="false" />
                <line number="101" hits="3" branch="false" />
                <line number="102" hits="3" branch="false" />
                <line number="103" hits="3" branch="false" />
              </lines>
            </method>
            <method name="CheckIfComplicated" signature="(CourseApplication.Model.Course,CourseApplication.Model.Course)" line-rate="1" branch-rate="1" complexity="NaN">
              <lines>
                <line number="112" hits="6" branch="false" />
                <line number="113" hits="6" branch="false" />
                <line number="114" hits="6" branch="false" />
                <line number="115" hits="6" branch="false" />
                <line number="116" hits="6" branch="false" />
                <line number="117" hits="6" branch="false" />
                <line number="118" hits="6" branch="false" />
              </lines>
            </method>
            <method name="DropCourseChosen" signature="(System.Int32)" line-rate="1" branch-rate="1" complexity="NaN">
              <lines>
                <line number="125" hits="3" branch="false" />
                <line number="126" hits="3" branch="true" condition-coverage="100% (2/2)" />
                <line number="127" hits="2" branch="false" />
                <line number="128" hits="3" branch="false" />
                <line number="129" hits="3" branch="false" />
              </lines>
            </method>
            <method name="NotifyChosenCourseChanged" signature="()" line-rate="1" branch-rate="1" complexity="2">
              <lines>
                <line number="136" hits="4" branch="false" />
                <line number="137" hits="4" branch="true" condition-coverage="100% (2/2)" />
                <line number="138" hits="1" branch="false" />
                <line number="139" hits="4" branch="false" />
              </lines>
            </method>
            <method name="NotifyClassCourseChanged" signature="()" line-rate="1" branch-rate="1" complexity="2">
              <lines>
                <line number="146" hits="5" branch="false" />
                <line number="147" hits="5" branch="true" condition-coverage="100% (2/2)" />
                <line number="148" hits="1" branch="false" />
                <line number="149" hits="5" branch="false" />
              </lines>
            </method>
            <method name="CheckIfCourseNameComplicated" signature="(CourseApplication.Model.Course,CourseApplication.Model.Course)" line-rate="1" branch-rate="1" complexity="NaN">
              <lines>
                <line number="158" hits="6" branch="false" />
                <line number="159" hits="6" branch="false" />
                <line number="160" hits="6" branch="true" condition-coverage="100% (2/2)" />
                <line number="161" hits="2" branch="false" />
                <line number="162" hits="6" branch="false" />
                <line number="163" hits="6" branch="false" />
              </lines>
            </method>
            <method name="GetCourseId" signature="(CourseApplication.Model.Course)" line-rate="1" branch-rate="1" complexity="NaN">
              <lines>
                <line number="171" hits="22" branch="false" />
                <line number="172" hits="22" branch="false" />
                <line number="173" hits="22" branch="false" />
              </lines>
            </method>
            <method name="GetCourseName" signature="(CourseApplication.Model.Course)" line-rate="1" branch-rate="1" complexity="NaN">
              <lines>
                <line number="181" hits="22" branch="false" />
                <line number="182" hits="22" branch="false" />
                <line number="183" hits="22" branch="false" />
              </lines>
            </method>
            <method name="CheckIfCourseIdComplicated" signature="(CourseApplication.Model.Course,CourseApplication.Model.Course)" line-rate="1" branch-rate="1" complexity="NaN">
              <lines>
                <line number="192" hits="6" branch="false" />
                <line number="193" hits="6" branch="false" />
                <line number="194" hits="6" branch="true" condition-coverage="100% (2/2)" />
                <line number="195" hits="2" branch="false" />
                <line number="196" hits="6" branch="false" />
                <line number="197" hits="6" branch="false" />
              </lines>
            </method>
            <method name="CheckIfCourseTimeComplicated" signature="(CourseApplication.Model.Course,CourseApplication.Model.Course)" line-rate="1" branch-rate="0.7142857142857143" complexity="NaN">
              <lines>
                <line number="206" hits="7" branch="false" />
                <line number="207" hits="7" branch="false" />
                <line number="208" hits="7" branch="true" condition-coverage="71% (10/14)" />
                <line number="209" hits="7" branch="false" />
                <line number="210" hits="7" branch="false" />
                <line number="211" hits="7" branch="false" />
                <line number="212" hits="7" branch="false" />
                <line number="213" hits="7" branch="false" />
                <line number="214" hits="7" branch="false" />
                <line number="215" hits="1" branch="false" />
                <line number="216" hits="7" branch="false" />
                <line number="217" hits="7" branch="false" />
              </lines>
            </method>
            <method name="CheckTimeDuplicate" signature="(System.String,System.String)" line-rate="1" branch-rate="1" complexity="NaN">
              <lines>
                <line number="226" hits="46" branch="false" />
                <line number="227" hits="46" branch="false" />
                <line number="228" hits="236" branch="false" />
                <line number="229" hits="50" branch="false" />
                <line number="230" hits="50" branch="true" condition-coverage="100% (4/4)" />
                <line number="231" hits="2" branch="false" />
                <line number="232" hits="48" branch="false" />
                <line number="233" hits="44" branch="false" />
                <line number="234" hits="46" branch="false" />
              </lines>
            </method>
            <method name="MoveCourseToClass" signature="(System.String,CourseApplication.Model.Course,CourseApplication.Model.Course)" line-rate="1" branch-rate="1" complexity="NaN">
              <lines>
                <line number="242" hits="4" branch="false" />
                <line number="243" hits="28" branch="false" />
                <line number="244" hits="8" branch="false" />
                <line number="245" hits="8" branch="true" condition-coverage="100% (2/2)" />
                <line number="246" hits="4" branch="false" />
                <line number="247" hits="8" branch="true" condition-coverage="100% (2/2)" />
                <line number="248" hits="4" branch="false" />
                <line number="249" hits="8" branch="false" />
                <line number="250" hits="4" branch="false" />
                <line number="251" hits="4" branch="false" />
              </lines>
            </method>
            <method name="GetClassByCourse" signature="(CourseApplication.Model.Course)" line-rate="1" branch-rate="1" complexity="NaN">
              <lines>
                <line number="259" hits="4" branch="false" />
                <line number="260" hits="21" branch="false" />
                <line number="261" hits="31" branch="false" />
                <line number="262" hits="8" branch="true" condition-coverage="100% (2/2)" />
                <line number="263" hits="3" branch="false" />
                <line number="264" hits="1" branch="false" />
                <line number="265" hits="4" branch="false" />
              </lines>
            </method>
          </methods>
          <lines>
            <line number="22" hits="1316" branch="false" />
            <line number="27" hits="47" branch="false" />
            <line number="33" hits="34" branch="false" />
            <line number="34" hits="34" branch="false" />
            <line number="35" hits="34" branch="false" />
            <line number="36" hits="34" branch="false" />
            <line number="37" hits="34" branch="false" />
            <line number="38" hits="34" branch="false" />
            <line number="39" hits="34" branch="false" />
            <line number="40" hits="34" branch="false" />
            <line number="41" hits="34" branch="false" />
            <line number="42" hits="34" branch="false" />
            <line number="50" hits="68" branch="false" />
            <line number="51" hits="68" branch="false" />
            <line number="52" hits="68" branch="false" />
            <line number="53" hits="68" branch="false" />
            <line number="54" hits="68" branch="false" />
            <line number="55" hits="68" branch="false" />
            <line number="56" hits="2720" branch="false" />
            <line number="57" hits="1258" branch="false" />
            <line number="58" hits="1258" branch="false" />
            <line number="59" hits="1258" branch="false" />
            <line number="60" hits="68" branch="false" />
            <line number="68" hits="24" branch="false" />
            <line number="69" hits="121" branch="false" />
            <line number="70" hits="36" branch="false" />
            <line number="71" hits="36" branch="true" condition-coverage="100% (2/2)" />
            <line number="72" hits="23" branch="false" />
            <line number="73" hits="23" branch="false" />
            <line number="75" hits="13" branch="false" />
            <line number="76" hits="1" branch="false" />
            <line number="77" hits="24" branch="false" />
            <line number="85" hits="3" branch="false" />
            <line number="86" hits="3" branch="false" />
            <line number="87" hits="16" branch="true" condition-coverage="100% (2/2)" />
            <line number="88" hits="5" branch="false" />
            <line number="89" hits="24" branch="true" condition-coverage="100% (2/2)" />
            <line number="90" hits="7" branch="false" />
            <line number="91" hits="7" branch="true" condition-coverage="100% (2/2)" />
            <line number="92" hits="2" branch="false" />
            <line number="93" hits="7" branch="false" />
            <line number="94" hits="23" branch="false" />
            <line number="95" hits="4" branch="false" />
            <line number="96" hits="4" branch="false" />
            <line number="97" hits="4" branch="false" />
            <line number="98" hits="5" branch="false" />
            <line number="99" hits="3" branch="true" condition-coverage="100% (2/2)" />
            <line number="100" hits="12" branch="false" />
            <line number="101" hits="3" branch="false" />
            <line number="102" hits="3" branch="false" />
            <line number="103" hits="3" branch="false" />
            <line number="112" hits="6" branch="false" />
            <line number="113" hits="6" branch="false" />
            <line number="114" hits="6" branch="false" />
            <line number="115" hits="6" branch="false" />
            <line number="116" hits="6" branch="false" />
            <line number="117" hits="6" branch="false" />
            <line number="118" hits="6" branch="false" />
            <line number="125" hits="3" branch="false" />
            <line number="126" hits="3" branch="true" condition-coverage="100% (2/2)" />
            <line number="127" hits="2" branch="false" />
            <line number="128" hits="3" branch="false" />
            <line number="129" hits="3" branch="false" />
            <line number="136" hits="4" branch="false" />
            <line number="137" hits="4" branch="true" condition-coverage="100% (2/2)" />
            <line number="138" hits="1" branch="false" />
            <line number="139" hits="4" branch="false" />
            <line number="146" hits="5" branch="false" />
            <line number="147" hits="5" branch="true" condition-coverage="100% (2/2)" />
            <line number="148" hits="1" branch="false" />
            <line number="149" hits="5" branch="false" />
            <line number="158" hits="6" branch="false" />
            <line number="159" hits="6" branch="false" />
            <line number="160" hits="6" branch="true" condition-coverage="100% (2/2)" />
            <line number="161" hits="2" branch="false" />
            <line number="162" hits="6" branch="false" />
            <line number="163" hits="6" branch="false" />
            <line number="171" hits="22" branch="false" />
            <line number="172" hits="22" branch="false" />
            <line number="173" hits="22" branch="false" />
            <line number="181" hits="22" branch="false" />
            <line number="182" hits="22" branch="false" />
            <line number="183" hits="22" branch="false" />
            <line number="192" hits="6" branch="false" />
            <line number="193" hits="6" branch="false" />
            <line number="194" hits="6" branch="true" condition-coverage="100% (2/2)" />
            <line number="195" hits="2" branch="false" />
            <line number="196" hits="6" branch="false" />
            <line number="197" hits="6" branch="false" />
            <line number="206" hits="7" branch="false" />
            <line number="207" hits="7" branch="false" />
            <line number="208" hits="7" branch="true" condition-coverage="71% (10/14)" />
            <line number="209" hits="7" branch="false" />
            <line number="210" hits="7" branch="false" />
            <line number="211" hits="7" branch="false" />
            <line number="212" hits="7" branch="false" />
            <line number="213" hits="7" branch="false" />
            <line number="214" hits="7" branch="false" />
            <line number="215" hits="1" branch="false" />
            <line number="216" hits="7" branch="false" />
            <line number="217" hits="7" branch="false" />
            <line number="226" hits="46" branch="false" />
            <line number="227" hits="46" branch="false" />
            <line number="228" hits="236" branch="false" />
            <line number="229" hits="50" branch="false" />
            <line number="230" hits="50" branch="true" condition-coverage="100% (4/4)" />
            <line number="231" hits="2" branch="false" />
            <line number="232" hits="48" branch="false" />
            <line number="233" hits="44" branch="false" />
            <line number="234" hits="46" branch="false" />
            <line number="242" hits="4" branch="false" />
            <line number="243" hits="28" branch="false" />
            <line number="244" hits="8" branch="false" />
            <line number="245" hits="8" branch="true" condition-coverage="100% (2/2)" />
            <line number="246" hits="4" branch="false" />
            <line number="247" hits="8" branch="true" condition-coverage="100% (2/2)" />
            <line number="248" hits="4" branch="false" />
            <line number="249" hits="8" branch="false" />
            <line number="250" hits="4" branch="false" />
            <line number="251" hits="4" branch="false" />
            <line number="259" hits="4" branch="false" />
            <line number="260" hits="21" branch="false" />
            <line number="261" hits="31" branch="false" />
            <line number="262" hits="8" branch="true" condition-coverage="100% (2/2)" />
            <line number="263" hits="3" branch="false" />
            <line number="264" hits="1" branch="false" />
            <line number="265" hits="4" branch="false" />
          </lines>
        </class>
        <class name="CourseApplication.Model.Curriculum" filename="C:\Users\88696\source\repos\WindowsProgramming\WindowsProgramming\Model\Curriculum.cs" line-rate="1" branch-rate="1" complexity="1">
          <methods>
            <method name="_courses" signature="()" line-rate="1" branch-rate="1" complexity="NaN">
              <lines>
                <line number="15" hits="1316" branch="false" />
              </lines>
            </method>
            <method name="_courses" signature="(System.Collections.Generic.List`1&lt;CourseApplication.Model.Course&gt;)" line-rate="1" branch-rate="1" complexity="NaN">
              <lines>
                <line number="15" hits="1316" branch="false" />
              </lines>
            </method>
            <method name=".ctor" signature="()" line-rate="1" branch-rate="1" complexity="1">
              <lines>
                <line number="18" hits="34" branch="false" />
                <line number="19" hits="34" branch="false" />
                <line number="20" hits="34" branch="false" />
                <line number="21" hits="34" branch="false" />
              </lines>
            </method>
          </methods>
          <lines>
            <line number="15" hits="1316" branch="false" />
            <line number="18" hits="34" branch="false" />
            <line number="19" hits="34" branch="false" />
            <line number="20" hits="34" branch="false" />
            <line number="21" hits="34" branch="false" />
          </lines>
        </class>
        <class name="CourseApplication.PresentationModels.CourseManagement.CourseManagementPresentationModel" filename="C:\Users\88696\source\repos\WindowsProgramming\WindowsProgramming\PresentationModels\CourseManagement\CourseManagementPresentationModel.cs" line-rate="1" branch-rate="0.8484848484848485" complexity="13">
          <methods>
            <method name="_toBeChangedCourse" signature="()" line-rate="1" branch-rate="1" complexity="NaN">
              <lines>
                <line number="24" hits="32" branch="false" />
              </lines>
            </method>
            <method name="_toBeChangedCourse" signature="(CourseApplication.Model.Course)" line-rate="1" branch-rate="1" complexity="NaN">
              <lines>
                <line number="25" hits="6" branch="false" />
              </lines>
            </method>
            <method name="_currentCourse" signature="()" line-rate="1" branch-rate="1" complexity="NaN">
              <lines>
                <line number="29" hits="51" branch="false" />
              </lines>
            </method>
            <method name="_currentCourse" signature="(CourseApplication.Model.Course)" line-rate="1" branch-rate="1" complexity="NaN">
              <lines>
                <line number="30" hits="12" branch="false" />
              </lines>
            </method>
            <method name="_courseApplicationModel" signature="()" line-rate="1" branch-rate="1" complexity="NaN">
              <lines>
                <line number="34" hits="27" branch="false" />
              </lines>
            </method>
            <method name="_courseApplicationModel" signature="(CourseApplication.Model.CourseApplicationModel)" line-rate="1" branch-rate="1" complexity="NaN">
              <lines>
                <line number="35" hits="15" branch="false" />
              </lines>
            </method>
            <method name="_courseNameList" signature="()" line-rate="1" branch-rate="1" complexity="NaN">
              <lines>
                <line number="39" hits="671" branch="false" />
              </lines>
            </method>
            <method name="_courseNameList" signature="(System.Collections.Generic.List`1&lt;System.String&gt;)" line-rate="1" branch-rate="1" complexity="NaN">
              <lines>
                <line number="40" hits="18" branch="false" />
              </lines>
            </method>
            <method name="_courseTimeGrid" signature="()" line-rate="1" branch-rate="1" complexity="NaN">
              <lines>
                <line number="44" hits="590" branch="false" />
              </lines>
            </method>
            <method name="_courseTimeGrid" signature="(System.Collections.Generic.List`1&lt;CourseApplication.Dto.CourseTimeDTO&gt;)" line-rate="1" branch-rate="1" complexity="NaN">
              <lines>
                <line number="45" hits="19" branch="false" />
              </lines>
            </method>
            <method name="GetCourseState" signature="()" line-rate="1" branch-rate="1" complexity="NaN">
              <lines>
                <line number="51" hits="2" branch="false" />
                <line number="52" hits="2" branch="true" condition-coverage="100% (2/2)" />
                <line number="53" hits="1" branch="false" />
                <line number="55" hits="1" branch="false" />
                <line number="56" hits="2" branch="false" />
              </lines>
            </method>
            <method name="GetClassName" signature="()" line-rate="1" branch-rate="1" complexity="NaN">
              <lines>
                <line number="62" hits="1" branch="false" />
                <line number="63" hits="1" branch="false" />
                <line number="64" hits="1" branch="false" />
              </lines>
            </method>
            <method name="IsDataChanged" signature="()" line-rate="1" branch-rate="0.65" complexity="NaN">
              <lines>
                <line number="70" hits="3" branch="false" />
                <line number="71" hits="3" branch="true" condition-coverage="65% (13/20)" />
                <line number="72" hits="3" branch="false" />
                <line number="73" hits="3" branch="false" />
                <line number="74" hits="3" branch="false" />
                <line number="75" hits="3" branch="false" />
                <line number="76" hits="3" branch="false" />
                <line number="77" hits="3" branch="false" />
                <line number="78" hits="3" branch="false" />
                <line number="79" hits="3" branch="false" />
                <line number="80" hits="3" branch="false" />
                <line number="81" hits="2" branch="false" />
                <line number="82" hits="1" branch="false" />
                <line number="83" hits="3" branch="false" />
              </lines>
            </method>
            <method name="IsRequiredNotEmpty" signature="()" line-rate="1" branch-rate="0.7857142857142857" complexity="NaN">
              <lines>
                <line number="89" hits="4" branch="false" />
                <line number="90" hits="4" branch="true" condition-coverage="79% (11/14)" />
                <line number="91" hits="4" branch="false" />
                <line number="92" hits="4" branch="false" />
                <line number="93" hits="4" branch="false" />
                <line number="94" hits="4" branch="false" />
                <line number="95" hits="4" branch="false" />
                <line number="96" hits="4" branch="false" />
                <line number="97" hits="2" branch="false" />
                <line number="98" hits="2" branch="false" />
                <line number="99" hits="4" branch="false" />
              </lines>
            </method>
            <method name="IsHourMatchTime" signature="()" line-rate="1" branch-rate="1" complexity="NaN">
              <lines>
                <line number="105" hits="5" branch="false" />
                <line number="106" hits="5" branch="false" />
                <line number="107" hits="5" branch="true" condition-coverage="100% (2/2)" />
                <line number="108" hits="1" branch="false" />
                <line number="109" hits="76" branch="false" />
                <line number="110" hits="32" branch="false" />
                <line number="111" hits="32" branch="false" />
                <line number="112" hits="32" branch="false" />
                <line number="113" hits="4" branch="true" condition-coverage="100% (2/2)" />
                <line number="114" hits="3" branch="false" />
                <line number="115" hits="1" branch="false" />
                <line number="116" hits="5" branch="false" />
              </lines>
            </method>
            <method name="IsSaveEnabled" signature="()" line-rate="1" branch-rate="1" complexity="NaN">
              <lines>
                <line number="122" hits="3" branch="false" />
                <line number="123" hits="3" branch="true" condition-coverage="100% (4/4)" />
                <line number="124" hits="3" branch="false" />
                <line number="125" hits="3" branch="false" />
              </lines>
            </method>
            <method name=".ctor" signature="(CourseApplication.Model.CourseApplicationModel)" line-rate="1" branch-rate="0.7727272727272727" complexity="NaN">
              <lines>
                <line number="18" hits="15" branch="false" />
                <line number="24" hits="32" branch="false" />
                <line number="25" hits="6" branch="false" />
                <line number="29" hits="51" branch="false" />
                <line number="30" hits="12" branch="false" />
                <line number="34" hits="27" branch="false" />
                <line number="35" hits="15" branch="false" />
                <line number="39" hits="671" branch="false" />
                <line number="40" hits="18" branch="false" />
                <line number="44" hits="590" branch="false" />
                <line number="45" hits="19" branch="false" />
                <line number="51" hits="2" branch="false" />
                <line number="52" hits="2" branch="true" condition-coverage="100% (2/2)" />
                <line number="53" hits="1" branch="false" />
                <line number="55" hits="1" branch="false" />
[...]
              <lines />
            </method>
          </methods>
          <lines />
        </class>
        <class name="HtmlAgilityPack.MixedCodeDocument" filename="C:\Repos\HtmlAgilityPack\HtmlAgilityPack.Shared\MixedCodeDocument.cs" line-rate="1" branch-rate="1" complexity="16">
          <methods>
            <method name="Code" signature="()" line-rate="1" branch-rate="1" complexity="NaN">
              <lines />
            </method>
            <method name="CodeFragments" signature="()" line-rate="1" branch-rate="1" complexity="NaN">
              <lines />
            </method>
            <method name="Fragments" signature="()" line-rate="1" branch-rate="1" complexity="NaN">
              <lines />
            </method>
            <method name="StreamEncoding" signature="()" line-rate="1" branch-rate="1" complexity="NaN">
              <lines />
            </method>
            <method name="TextFragments" signature="()" line-rate="1" branch-rate="1" complexity="NaN">
              <lines />
            </method>
            <method name=".ctor" signature="()" line-rate="1" branch-rate="1" complexity="1">
              <lines />
            </method>
            <method name="CreateCodeFragment" signature="()" line-rate="1" branch-rate="1" complexity="1">
              <lines />
            </method>
            <method name="CreateTextFragment" signature="()" line-rate="1" branch-rate="1" complexity="1">
              <lines />
            </method>
            <method name="Load" signature="(System.IO.Stream)" line-rate="1" branch-rate="1" complexity="NaN">
              <lines />
            </method>
            <method name="Load" signature="(System.IO.Stream,System.Boolean)" line-rate="1" branch-rate="1" complexity="NaN">
              <lines />
            </method>
            <method name="Load" signature="(System.IO.Stream,System.Text.Encoding)" line-rate="1" branch-rate="1" complexity="NaN">
              <lines />
            </method>
            <method name="Load" signature="(System.IO.Stream,System.Text.Encoding,System.Boolean)" line-rate="1" branch-rate="1" complexity="NaN">
              <lines />
            </method>
            <method name="Load" signature="(System.IO.Stream,System.Text.Encoding,System.Boolean,System.Int32)" line-rate="1" branch-rate="1" complexity="NaN">
              <lines />
            </method>
            <method name="Load" signature="(System.String)" line-rate="1" branch-rate="1" complexity="NaN">
              <lines />
            </method>
            <method name="Load" signature="(System.String,System.Boolean)" line-rate="1" branch-rate="1" complexity="NaN">
              <lines />
            </method>
            <method name="Load" signature="(System.String,System.Text.Encoding)" line-rate="1" branch-rate="1" complexity="NaN">
              <lines />
            </method>
            <method name="Load" signature="(System.String,System.Text.Encoding,System.Boolean)" line-rate="1" branch-rate="1" complexity="NaN">
              <lines />
            </method>
            <method name="Load" signature="(System.String,System.Text.Encoding,System.Boolean,System.Int32)" line-rate="1" branch-rate="1" complexity="NaN">
              <lines />
            </method>
            <method name="Load" signature="(System.IO.TextReader)" line-rate="1" branch-rate="1" complexity="NaN">
              <lines />
            </method>
            <method name="LoadHtml" signature="(System.String)" line-rate="1" branch-rate="1" complexity="NaN">
              <lines />
            </method>
            <method name="Save" signature="(System.IO.Stream)" line-rate="1" branch-rate="1" complexity="NaN">
              <lines />
            </method>
            <method name="Save" signature="(System.IO.Stream,System.Text.Encoding)" line-rate="1" branch-rate="1" complexity="NaN">
              <lines />
            </method>
            <method name="Save" signature="(System.String)" line-rate="1" branch-rate="1" complexity="NaN">
              <lines />
            </method>
            <method name="Save" signature="(System.String,System.Text.Encoding)" line-rate="1" branch-rate="1" complexity="NaN">
              <lines />
            </method>
            <method name="Save" signature="(System.IO.StreamWriter)" line-rate="1" branch-rate="1" complexity="NaN">
              <lines />
            </method>
            <method name="Save" signature="(System.IO.TextWriter)" line-rate="1" branch-rate="1" complexity="NaN">
              <lines />
            </method>
            <method name="CreateFragment" signature="(HtmlAgilityPack.MixedCodeDocumentFragmentType)" line-rate="1" branch-rate="1" complexity="NaN">
              <lines />
            </method>
            <method name="GetOutEncoding" signature="()" line-rate="1" branch-rate="1" complexity="2">
              <lines />
            </method>
            <method name="IncrementPosition" signature="()" line-rate="1" branch-rate="1" complexity="2">
              <lines />
            </method>
            <method name="Parse" signature="()" line-rate="1" branch-rate="1" complexity="8">
              <lines />
            </method>
            <method name="SetPosition" signature="()" line-rate="1" branch-rate="1" complexity="1">
              <lines />
            </method>
          </methods>
          <lines />
        </class>
        <class name="HtmlAgilityPack.MixedCodeDocumentCodeFragment" filename="C:\Repos\HtmlAgilityPack\HtmlAgilityPack.Shared\MixedCodeDocumentCodeFragment.cs" line-rate="1" branch-rate="1" complexity="NaN">
          <methods>
            <method name="Code" signature="()" line-rate="1" branch-rate="1" complexity="NaN">
              <lines />
            </method>
            <method name="Code" signature="(System.String)" line-rate="1" branch-rate="1" complexity="NaN">
              <lines />
            </method>
            <method name=".ctor" signature="(HtmlAgilityPack.MixedCodeDocument)" line-rate="1" branch-rate="1" complexity="NaN">
              <lines />
            </method>
          </methods>
          <lines />
        </class>
        <class name="HtmlAgilityPack.MixedCodeDocumentFragment" filename="C:\Repos\HtmlAgilityPack\HtmlAgilityPack.Shared\MixedCodeDocumentFragment.cs" line-rate="1" branch-rate="1" complexity="NaN">
          <methods>
            <method name="FragmentText" signature="()" line-rate="1" branch-rate="1" complexity="NaN">
              <lines />
            </method>
            <method name="FragmentText" signature="(System.String)" line-rate="1" branch-rate="1" complexity="NaN">
              <lines />
            </method>
            <method name="FragmentType" signature="()" line-rate="1" branch-rate="1" complexity="NaN">
              <lines />
            </method>
            <method name="Line" signature="()" line-rate="1" branch-rate="1" complexity="NaN">
              <lines />
            </method>
            <method name="Line" signature="(System.Int32)" line-rate="1" branch-rate="1" complexity="NaN">
              <lines />
            </method>
            <method name="LinePosition" signature="()" line-rate="1" branch-rate="1" complexity="NaN">
              <lines />
            </method>
            <method name="StreamPosition" signature="()" line-rate="1" branch-rate="1" complexity="NaN">
              <lines />
            </method>
            <method name=".ctor" signature="(HtmlAgilityPack.MixedCodeDocument,HtmlAgilityPack.MixedCodeDocumentFragmentType)" line-rate="1" branch-rate="1" complexity="NaN">
              <lines />
            </method>
          </methods>
          <lines />
        </class>
        <class name="HtmlAgilityPack.MixedCodeDocumentFragmentList" filename="C:\Repos\HtmlAgilityPack\HtmlAgilityPack.Shared\MixedCodeDocumentFragmentList.cs" line-rate="1" branch-rate="1" complexity="6">
          <methods>
            <method name="Doc" signature="()" line-rate="1" branch-rate="1" complexity="NaN">
              <lines />
            </method>
            <method name="Count" signature="()" line-rate="1" branch-rate="1" complexity="NaN">
              <lines />
            </method>
            <method name="Item" signature="(System.Int32)" line-rate="1" branch-rate="1" complexity="NaN">
              <lines />
            </method>
            <method name=".ctor" signature="(HtmlAgilityPack.MixedCodeDocument)" line-rate="1" branch-rate="1" complexity="NaN">
              <lines />
            </method>
            <method name="System.Collections.IEnumerable.GetEnumerator" signature="()" line-rate="1" branch-rate="1" complexity="1">
              <lines />
            </method>
            <method name="Append" signature="(HtmlAgilityPack.MixedCodeDocumentFragment)" line-rate="1" branch-rate="1" complexity="NaN">
              <lines />
            </method>
            <method name="GetEnumerator" signature="()" line-rate="1" branch-rate="1" complexity="1">
              <lines />
            </method>
            <method name="Prepend" signature="(HtmlAgilityPack.MixedCodeDocumentFragment)" line-rate="1" branch-rate="1" complexity="NaN">
              <lines />
            </method>
            <method name="Remove" signature="(HtmlAgilityPack.MixedCodeDocumentFragment)" line-rate="1" branch-rate="1" complexity="NaN">
              <lines />
            </method>
            <method name="RemoveAll" signature="()" line-rate="1" branch-rate="1" complexity="1">
              <lines />
            </method>
            <method name="RemoveAt" signature="(System.Int32)" line-rate="1" branch-rate="1" complexity="NaN">
              <lines />
            </method>
            <method name="Clear" signature="()" line-rate="1" branch-rate="1" complexity="1">
              <lines />
            </method>
            <method name="GetFragmentIndex" signature="(HtmlAgilityPack.MixedCodeDocumentFragment)" line-rate="1" branch-rate="1" complexity="NaN">
              <lines />
            </method>
            <method name="Current" signature="()" line-rate="1" branch-rate="1" complexity="NaN">
              <lines />
            </method>
            <method name="em.Collections.IEnumerator.get_Current" signature="()" line-rate="1" branch-rate="1" complexity="NaN">
              <lines />
            </method>
            <method name=".ctor" signature="(System.Collections.Generic.IList`1&lt;HtmlAgilityPack.MixedCodeDocumentFragment&gt;)" line-rate="1" branch-rate="1" complexity="NaN">
              <lines />
            </method>
            <method name="MoveNext" signature="()" line-rate="1" branch-rate="1" complexity="1">
              <lines />
            </method>
            <method name="Reset" signature="()" line-rate="1" branch-rate="1" complexity="1">
              <lines />
            </method>
          </methods>
          <lines />
        </class>
        <class name="HtmlAgilityPack.MixedCodeDocumentTextFragment" filename="C:\Repos\HtmlAgilityPack\HtmlAgilityPack.Shared\MixedCodeDocumentTextFragment.cs" line-rate="1" branch-rate="1" complexity="NaN">
          <methods>
            <method name="Text" signature="()" line-rate="1" branch-rate="1" complexity="NaN">
              <lines />
            </method>
            <method name="Text" signature="(System.String)" line-rate="1" branch-rate="1" complexity="NaN">
              <lines />
            </method>
            <method name=".ctor" signature="(HtmlAgilityPack.MixedCodeDocument)" line-rate="1" branch-rate="1" complexity="NaN">
              <lines />
            </method>
          </methods>
          <lines />
        </class>
        <class name="HtmlAgilityPack.NameValuePairList" filename="C:\Repos\HtmlAgilityPack\HtmlAgilityPack.Shared\NameValuePairList.cs" line-rate="1" branch-rate="1" complexity="1">
          <methods>
            <method name=".ctor" signature="()" line-rate="1" branch-rate="1" complexity="1">
              <lines />
            </method>
            <method name=".ctor" signature="(System.String)" line-rate="1" branch-rate="1" complexity="NaN">
              <lines />
            </method>
            <method name="GetNameValuePairsValue" signature="(System.String,System.String)" line-rate="1" branch-rate="1" complexity="NaN">
              <lines />
            </method>
            <method name="GetNameValuePairs" signature="(System.String)" line-rate="1" branch-rate="1" complexity="NaN">
              <lines />
            </method>
            <method name="GetNameValuePairValue" signature="(System.String)" line-rate="1" branch-rate="1" complexity="NaN">
              <lines />
            </method>
            <method name="Parse" signature="(System.String)" line-rate="1" branch-rate="1" complexity="NaN">
              <lines />
            </method>
          </methods>
          <lines />
        </class>
        <class name="HtmlAgilityPack.NodeAttributeNotFoundException" filename="C:\Repos\HtmlAgilityPack\HtmlAgilityPack.Shared\HtmlNode.Encapsulator.cs" line-rate="1" branch-rate="1" complexity="1">
          <methods>
            <method name=".ctor" signature="()" line-rate="1" branch-rate="1" complexity="1">
              <lines />
            </method>
            <method name=".ctor" signature="(System.String)" line-rate="1" branch-rate="1" complexity="NaN">
              <lines />
            </method>
            <method name=".ctor" signature="(System.String,System.Exception)" line-rate="1" branch-rate="1" complexity="NaN">
              <lines />
            </method>
          </methods>
          <lines />
        </class>
        <class name="HtmlAgilityPack.NodeNotFoundException" filename="C:\Repos\HtmlAgilityPack\HtmlAgilityPack.Shared\HtmlNode.Encapsulator.cs" line-rate="1" branch-rate="1" complexity="1">
          <methods>
            <method name=".ctor" signature="()" line-rate="1" branch-rate="1" complexity="1">
              <lines />
            </method>
            <method name=".ctor" signature="(System.String)" line-rate="1" branch-rate="1" complexity="NaN">
              <lines />
            </method>
            <method name=".ctor" signature="(System.String,System.Exception)" line-rate="1" branch-rate="1" complexity="NaN">
              <lines />
            </method>
          </methods>
          <lines />
        </class>
        <class name="HtmlAgilityPack.Tools" filename="C:\Repos\HtmlAgilityPack\HtmlAgilityPack.Shared\HtmlNode.Encapsulator.cs" line-rate="1" branch-rate="1" complexity="5">
          <methods>
            <method name="IsDefinedAttribute" signature="(System.Type,System.Type)" line-rate="1" branch-rate="1" complexity="NaN">
              <lines />
            </method>
            <method name="GetPropertiesDefinedXPath" signature="(System.Type)" line-rate="1" branch-rate="1" complexity="NaN">
              <lines />
            </method>
            <method name="IsIEnumerable" signature="(System.Reflection.PropertyInfo)" line-rate="1" branch-rate="1" complexity="NaN">
              <lines />
            </method>
            <method name="GetGenericTypes" signature="(System.Reflection.PropertyInfo)" line-rate="1" branch-rate="1" complexity="NaN">
              <lines />
            </method>
            <method name="GetMethodByItsName" signature="(System.Type,System.String)" line-rate="1" branch-rate="1" complexity="NaN">
              <lines />
            </method>
            <method name="CreateIListOfType" signature="(System.Type)" line-rate="1" branch-rate="1" complexity="NaN">
              <lines />
            </method>
            <method name="GetNodeValueBasedOnXPathReturnType" signature="(HtmlAgilityPack.HtmlNode,HtmlAgilityPack.XPathAttribute)" line-rate="1" branch-rate="1" complexity="NaN">
              <lines />
            </method>
            <method name="GetNodesValuesBasedOnXPathReturnType" signature="(HtmlAgilityPack.HtmlNodeCollection,HtmlAgilityPack.XPathAttribute,System.Type)" line-rate="1" branch-rate="1" complexity="NaN">
              <lines />
            </method>
            <method name="IsInstantiable" signature="(System.Type)" line-rate="1" branch-rate="1" complexity="NaN">
              <lines />
            </method>
            <method name="CountOfIEnumerable" signature="(System.Collections.Generic.IEnumerable`1&lt;T&gt;)" line-rate="1" branch-rate="1" complexity="NaN">
              <lines />
            </method>
            <method name="HAPWhere" signature="()" line-rate="1" branch-rate="1" complexity="5">
              <lines />
            </method>
          </methods>
          <lines />
        </class>
        <class name="HtmlAgilityPack.Trace" filename="C:\Repos\HtmlAgilityPack\HtmlAgilityPack.Shared\Trace.cs" line-rate="1" branch-rate="1" complexity="NaN">
          <methods>
            <method name="Current" signature="()" line-rate="1" branch-rate="1" complexity="NaN">
              <lines />
            </method>
            <method name="WriteLine" signature="(System.String,System.String)" line-rate="1" branch-rate="1" complexity="NaN">
              <lines />
            </method>
          </methods>
          <lines />
        </class>
        <class name="HtmlAgilityPack.Trace" filename="C:\Repos\HtmlAgilityPack\HtmlAgilityPack.Shared\Trace.FullFramework.cs" line-rate="1" branch-rate="1" complexity="NaN">
          <methods>
            <method name="WriteLineIntern" signature="(System.String,System.String)" line-rate="1" branch-rate="1" complexity="NaN">
              <lines />
            </method>
          </methods>
          <lines />
        </class>
        <class name="HtmlAgilityPack.Utilities" filename="C:\Repos\HtmlAgilityPack\HtmlAgilityPack.Shared\Utilities.cs" line-rate="1" branch-rate="1" complexity="NaN">
          <methods>
            <method name="GetDictionaryValueOrDefault" signature="(System.Collections.Generic.Dictionary`2&lt;TKey,TValue&gt;,TKey,TValue)" line-rate="1" branch-rate="1" complexity="NaN">
              <lines />
            </method>
            <method name="To" signature="(System.Object,System.Type)" line-rate="1" branch-rate="1" complexity="NaN">
              <lines />
            </method>
          </methods>
          <lines />
        </class>
        <class name="HtmlAgilityPack.XPathAttribute" filename="C:\Repos\HtmlAgilityPack\HtmlAgilityPack.Shared\HtmlNode.Encapsulator.cs" line-rate="1" branch-rate="1" complexity="NaN">
          <methods>
            <method name="XPath" signature="()" line-rate="1" branch-rate="1" complexity="NaN">
              <lines />
            </method>
            <method name="AttributeName" signature="()" line-rate="1" branch-rate="1" complexity="NaN">
              <lines />
            </method>
            <method name="AttributeName" signature="(System.String)" line-rate="1" branch-rate="1" complexity="NaN">
              <lines />
            </method>
            <method name="NodeReturnType" signature="()" line-rate="1" branch-rate="1" complexity="NaN">
              <lines />
            </method>
            <method name="NodeReturnType" signature="(HtmlAgilityPack.ReturnType)" line-rate="1" branch-rate="1" complexity="NaN">
              <lines />
            </method>
            <method name=".ctor" signature="(System.String)" line-rate="1" branch-rate="1" complexity="NaN">
              <lines />
            </method>
            <method name=".ctor" signature="(System.String,HtmlAgilityPack.ReturnType)" line-rate="1" branch-rate="1" complexity="NaN">
              <lines />
            </method>
            <method name=".ctor" signature="(System.String,System.String)" line-rate="1" branch-rate="1" complexity="NaN">
              <lines />
            </method>
          </methods>
          <lines />
        </class>
      </classes>
    </package>
  </packages>
</coverage>